<?xml version="1.0" encoding="UTF-8"?>
<testsuite xmlns:xsi="http://www.w3.org/2001/XMLSchema-instance" xsi:noNamespaceSchemaLocation="https://maven.apache.org/surefire/maven-surefire-plugin/xsd/surefire-test-report-3.0.xsd" version="3.0" name="TestSuite" time="29.733" tests="3" errors="0" skipped="0" failures="0">
  <properties>
[...]
</properties>
  <testcase name="runScenario[&quot;Header Basarili Uyelik Ol&quot;, &quot;Optional[Website Header Sign-up Feature]&quot;](1)" classname="Runner.SignUpTestRunner" time="13.093">
    <system-out><![CDATA[
@SignUp
Scenario: Header Basarili Uyelik Ol                                                            &amp#27;[90m# src/test/java/Features/SignUp.feature:4&amp#27;[0m
Header Basarili Uyelik Ol
PASSED
  &amp#27;[32mWhen &amp#27;[0m&amp#27;[32muye ol hyperlink tikla&amp#27;[0m                                                                  &amp#27;[90m# Steps.SignUpStep.uye_ol_hyperlink_tikla()&amp#27;[0m
  &amp#27;[32mThen &amp#27;[0m&amp#27;[32msayfanin title "&amp#27;[0m&amp#27;[32m&amp#27;[1mÃœye Ol&amp#27;[0m&amp#27;[32m" ve url "&amp#27;[0m&amp#27;[32m&amp#27;[1mhttps://www.arabam.com/uye-ol?returnUrl=%2F&amp#27;[0m&amp#27;[32m" kontrol et&amp#27;[0m &amp#27;[90m# Steps.SignUpStep.sayfanin_title_something_ve_url_something_kontrol_et(java.lang.String,java.lang.String)&amp#27;[0m
  &amp#27;[32mAnd &amp#27;[0m&amp#27;[32mkullanici ad "&amp#27;[0m&amp#27;[32m&amp#27;[1mtestadi&amp#27;[0m&amp#27;[32m" gir&amp#27;[0m                                                               &amp#27;[90m# Steps.SignUpStep.kullanici_ad_something_gir(java.lang.String)&amp#27;[0m
  &amp#27;[32mAnd &amp#27;[0m&amp#27;[32mkullanici soyad "&amp#27;[0m&amp#27;[32m&amp#27;[1mtestsoyadi&amp#27;[0m&amp#27;[32m" gir&amp#27;[0m                                                         &amp#27;[90m# Steps.SignUpStep.kullanici_soyad_something_gir(java.lang.String)&amp#27;[0m
  &amp#27;[32mAnd &amp#27;[0m&amp#27;[32mkullanici email "&amp#27;[0m&amp#27;[32m&amp#27;[1mtestarabam@c.com&amp#27;[0m&amp#27;[32m" gir&amp#27;[0m                                                   &amp#27;[90m# Steps.SignUpStep.kullanici_email_something_gir(java.lang.String)&amp#27;[0m
  &amp#27;[32mAnd &amp#27;[0m&amp#27;[32mkullanici sifre "&amp#27;[0m&amp#27;[32m&amp#27;[1mqaz123&amp#27;[0m&amp#27;[32m" gir&amp#27;[0m                                                             &amp#27;[90m# Steps.SignUpStep.kullanici_sifre_something_gir(java.lang.String)&amp#27;[0m
  &amp#27;[32mAnd &amp#27;[0m&amp#27;[32mkullanici tekrar sifre "&amp#27;[0m&amp#27;[32m&amp#27;[1mqaz123&amp#27;[0m&amp#27;[32m" gir&amp#27;[0m                                                      &amp#27;[90m# Steps.SignUpStep.kullanici_tekrar_sifre_something_gir(java.lang.String)&amp#27;[0m
  &amp#27;[32mAnd &amp#27;[0m&amp#27;[32mKvk checkbox tikla&amp#27;[0m                                                                       &amp#27;[90m# Steps.SignUpStep.kvk_checkbox_tikla()&amp#27;[0m
  &amp#27;[32mAnd &amp#27;[0m&amp#27;[32msozleÅŸme checkbox tikla&amp#27;[0m                                                                  &amp#27;[90m# Steps.SignUpStep.sozleme_checkbox_tikla()&amp#27;[0m
]]></system-out>
    <system-err><![CDATA[SLF4J: Failed to load class "org.slf4j.impl.StaticLoggerBinder".
SLF4J: Defaulting to no-operation (NOP) logger implementation
SLF4J: See http://www.slf4j.org/codes.html#StaticLoggerBinder for further details.
Starting ChromeDriver 90.0.4430.24 (4c6d850f087da467d926e8eddb76550aed655991-refs/branch-heads/4430@{#429}) on port 19080
Only local connections are allowed.
Please see https://chromedriver.chromium.org/security-considerations for suggestions on keeping ChromeDriver safe.
ChromeDriver was started successfully.
[1622640947.429][WARNING]: This version of ChromeDriver has not been tested with Chrome version 91.
Haz 02, 2021 4:35:47 ÖS org.openqa.selenium.remote.ProtocolHandshake createSession
INFO: Detected dialect: W3C
]]></system-err>
  </testcase>
  <testcase name="runScenario[&quot;Header Basarili login&quot;, &quot;Optional[Website Header Login Feature]&quot;](1)" classname="Runner.LoginTestRunner" time="5.98">
    <system-out><![CDATA[
@Login
Scenario Outline: Header Basarili login               &amp#27;[90m# src/test/java/Features/Login.feature:14&amp#27;[0m
Header Basarili login
PASSED
  &amp#27;[32mGiven &amp#27;[0m&amp#27;[32mBrowser anasayfa kal&amp#27;[0m                          &amp#27;[90m# Steps.LoginStep.browser_anasayfa_kal()&amp#27;[0m
  &amp#27;[32mWhen &amp#27;[0m&amp#27;[32mgiris yap hyperlink tikla&amp#27;[0m                      &amp#27;[90m# Steps.LoginStep.giris_yap_hyperlink_tikla()&amp#27;[0m
  &amp#27;[32mThen &amp#27;[0m&amp#27;[32msayfanin title ve url kontrol et&amp#27;[0m               &amp#27;[90m# Steps.LoginStep.sayfanin_title_kontrol_et()&amp#27;[0m
  &amp#27;[32mAnd &amp#27;[0m&amp#27;[32mkullanici bilgisi "&amp#27;[0m&amp#27;[32m&amp#27;[1mhabermerkezi@arabam.com&amp#27;[0m&amp#27;[32m" gir&amp#27;[0m &amp#27;[90m# Steps.LoginStep.kullanici_bilgisi_something_gir(java.lang.String)&amp#27;[0m
  &amp#27;[32mAnd &amp#27;[0m&amp#27;[32mkullanici password "&amp#27;[0m&amp#27;[32m&amp#27;[1mArb921!35&amp#27;[0m&amp#27;[32m" gir&amp#27;[0m              &amp#27;[90m# Steps.LoginStep.kullanici_password_something_gir(java.lang.String)&amp#27;[0m
  &amp#27;[32mAnd &amp#27;[0m&amp#27;[32mbeni hatirla checkbox tikla&amp#27;[0m                     &amp#27;[90m# Steps.LoginStep.beni_hatirla_checkbox_tikla()&amp#27;[0m
]]></system-out>
    <system-err><![CDATA[&amp#27;[32m&amp#27;[1m┌───────────────────────────────────────────────────────────────────────────────────┐&amp#27;[0m
&amp#27;[32m&amp#27;[1m│&amp#27;[0m Share your Cucumber Report with your team at &amp#27;[36m&amp#27;[1m&amp#27;[4mhttps://reports.cucumber.io&amp#27;[0m          &amp#27;[32m&amp#27;[1m│&amp#27;[0m
&amp#27;[32m&amp#27;[1m│&amp#27;[0m Activate publishing with one of the following:                                    &amp#27;[32m&amp#27;[1m│&amp#27;[0m
&amp#27;[32m&amp#27;[1m│&amp#27;[0m                                                                                   &amp#27;[32m&amp#27;[1m│&amp#27;[0m
&amp#27;[32m&amp#27;[1m│&amp#27;[0m src/test/resources/cucumber.properties:          &amp#27;[36mcucumber.publish.enabled&amp#27;[0m=&amp#27;[36mtrue&amp#27;[0m    &amp#27;[32m&amp#27;[1m│&amp#27;[0m
&amp#27;[32m&amp#27;[1m│&amp#27;[0m src/test/resources/junit-platform.properties:    &amp#27;[36mcucumber.publish.enabled&amp#27;[0m=&amp#27;[36mtrue&amp#27;[0m    &amp#27;[32m&amp#27;[1m│&amp#27;[0m
&amp#27;[32m&amp#27;[1m│&amp#27;[0m Environment variable:                            &amp#27;[36mCUCUMBER_PUBLİSH_ENABLED&amp#27;[0m=&amp#27;[36mtrue&amp#27;[0m    &amp#27;[32m&amp#27;[1m│&amp#27;[0m
&amp#27;[32m&amp#27;[1m│&amp#27;[0m JUnit:                                           &amp#27;[36m@CucumberOptions&amp#27;[0m(publish = &amp#27;[36mtrue&amp#27;[0m) &amp#27;[32m&amp#27;[1m│&amp#27;[0m
&amp#27;[32m&amp#27;[1m│&amp#27;[0m                                                                                   &amp#27;[32m&amp#27;[1m│&amp#27;[0m
&amp#27;[32m&amp#27;[1m│&amp#27;[0m More information at &amp#27;[36mhttps://reports.cucumber.io/docs/cucumber-jvm&amp#27;[0m                 &amp#27;[32m&amp#27;[1m│&amp#27;[0m
&amp#27;[32m&amp#27;[1m│&amp#27;[0m                                                                                   &amp#27;[32m&amp#27;[1m│&amp#27;[0m
&amp#27;[32m&amp#27;[1m│&amp#27;[0m Disable this message with one of the following:                                   &amp#27;[32m&amp#27;[1m│&amp#27;[0m
&amp#27;[32m&amp#27;[1m│&amp#27;[0m                                                                                   &amp#27;[32m&amp#27;[1m│&amp#27;[0m
&amp#27;[32m&amp#27;[1m│&amp#27;[0m src/test/resources/cucumber.properties:          &amp#27;[36mcucumber.publish.quiet&amp#27;[0m=&amp#27;[36mtrue&amp#27;[0m      &amp#27;[32m&amp#27;[1m│&amp#27;[0m
&amp#27;[32m&amp#27;[1m│&amp#27;[0m src/test/resources/junit-platform.properties:    &amp#27;[36mcucumber.publish.quiet&amp#27;[0m=&amp#27;[36mtrue&amp#27;[0m      &amp#27;[32m&amp#27;[1m│&amp#27;[0m
&amp#27;[32m&amp#27;[1m└───────────────────────────────────────────────────────────────────────────────────┘&amp#27;[0m
Starting ChromeDriver 90.0.4430.24 (4c6d850f087da467d926e8eddb76550aed655991-refs/branch-heads/4430@{#429}) on port 38552
Only local connections are allowed.
Please see https://chromedriver.chromium.org/security-considerations for suggestions on keeping ChromeDriver safe.
ChromeDriver was started successfully.
[1622640958.872][WARNING]: This version of ChromeDriver has not been tested with Chrome version 91.
Haz 02, 2021 4:35:58 ÖS org.openqa.selenium.remote.ProtocolHandshake createSession
INFO: Detected dialect: W3C
]]></system-err>
  </testcase>
  <testcase name="runScenario[&quot;Header Basarili login&quot;, &quot;Optional[Website Header Login Feature]&quot;](2)" classname="Runner.LoginTestRunner" time="6.273">
    <system-out><![CDATA[
@Login
Scenario Outline: Header Basarili login  &amp#27;[90m# src/test/java/Features/Login.feature:15&amp#27;[0m
Header Basarili login
PASSED
  &amp#27;[32mGiven &amp#27;[0m&amp#27;[32mBrowser anasayfa kal&amp#27;[0m             &amp#27;[90m# Steps.LoginStep.browser_anasayfa_kal()&amp#27;[0m
  &amp#27;[32mWhen &amp#27;[0m&amp#27;[32mgiris yap hyperlink tikla&amp#27;[0m         &amp#27;[90m# Steps.LoginStep.giris_yap_hyperlink_tikla()&amp#27;[0m
  &amp#27;[32mThen &amp#27;[0m&amp#27;[32msayfanin title ve url kontrol et&amp#27;[0m  &amp#27;[90m# Steps.LoginStep.sayfanin_title_kontrol_et()&amp#27;[0m
  &amp#27;[32mAnd &amp#27;[0m&amp#27;[32mkullanici bilgisi "&amp#27;[0m&amp#27;[32m&amp#27;[1m5078107815&amp#27;[0m&amp#27;[32m" gir&amp#27;[0m &amp#27;[90m# Steps.LoginStep.kullanici_bilgisi_something_gir(java.lang.String)&amp#27;[0m
  &amp#27;[32mAnd &amp#27;[0m&amp#27;[32mkullanici password "&amp#27;[0m&amp#27;[32m&amp#27;[1mqaz1234!&amp#27;[0m&amp#27;[32m" gir&amp#27;[0m  &amp#27;[90m# Steps.LoginStep.kullanici_password_something_gir(java.lang.String)&amp#27;[0m
  &amp#27;[32mAnd &amp#27;[0m&amp#27;[32mbeni hatirla checkbox tikla&amp#27;[0m        &amp#27;[90m# Steps.LoginStep.beni_hatirla_checkbox_tikla()&amp#27;[0m
]]></system-out>
    <system-err><![CDATA[Starting ChromeDriver 90.0.4430.24 (4c6d850f087da467d926e8eddb76550aed655991-refs/branch-heads/4430@{#429}) on port 13881
Only local connections are allowed.
Please see https://chromedriver.chromium.org/security-considerations for suggestions on keeping ChromeDriver safe.
ChromeDriver was started successfully.
[1622640965.088][WARNING]: This version of ChromeDriver has not been tested with Chrome version 91.
Haz 02, 2021 4:36:05 ÖS org.openqa.selenium.remote.ProtocolHandshake createSession
INFO: Detected dialect: W3C
]]></system-err>
  </testcase>
</testsuite>